OpenROAD v2.0-14511-gedb4e7e37 
Features included (+) or not (-): +Charts +GPU +GUI +Python
This program is licensed under the BSD-3 license. See the LICENSE file for details.
Components of this program may be licensed under more restrictive licenses which must be honored.
Placement Analysis
---------------------------------
total displacement      15595.6 u
average displacement       10.0 u
max displacement          140.1 u
original HPWL           22092.9 u
legalized HPWL          43572.4 u
delta HPWL                   97 %

Detailed placement improvement.
Importing netlist into detailed improver.
[INFO DPO-0100] Creating network with 1563 cells, 43 terminals, 1770 edges, 5251 pins, and 0 blockages.
[INFO DPO-0109] Network stats: inst 1606, edges 1770, pins 5251
[INFO DPO-0110] Number of regions is 1
[INFO DPO-0401] Setting random seed to 1.
[INFO DPO-0402] Setting maximum displacement 5 1 to 18900 3780 units.
[INFO DPO-0320] Collected 43 fixed cells.
[INFO DPO-0318] Collected 1563 single height cells.
[INFO DPO-0321] Collected 0 wide cells.
[INFO DPO-0322] Image (2880, 3780) - (157920, 223020)
[INFO DPO-0310] Assigned 1563 cells into segments.  Movement in X-direction is 0.000000, movement in Y-direction is 0.000000.
[INFO DPO-0313] Found 0 cells in wrong regions.
[INFO DPO-0315] Found 0 row alignment problems.
[INFO DPO-0314] Found 0 site alignment problems.
[INFO DPO-0311] Found 0 overlaps between adjacent cells.
[INFO DPO-0312] Found 0 edge spacing violations and 0 padding violations.
[INFO DPO-0303] Running algorithm for independent set matching.
[INFO DPO-0300] Set matching objective is wirelength.
[INFO DPO-0301] Pass   1 of matching; objective is 4.382235e+07.
[INFO DPO-0301] Pass   2 of matching; objective is 4.309884e+07.
[INFO DPO-0302] End of matching; objective is 4.309884e+07, improvement is 1.65 percent.
[INFO DPO-0303] Running algorithm for global swaps.
[INFO DPO-0306] Pass   1 of global swaps; hpwl is 4.207745e+07.
[INFO DPO-0306] Pass   2 of global swaps; hpwl is 4.189408e+07.
[INFO DPO-0307] End of global swaps; objective is 4.189408e+07, improvement is 2.80 percent.
[INFO DPO-0303] Running algorithm for vertical swaps.
[INFO DPO-0308] Pass   1 of vertical swaps; hpwl is 4.174841e+07.
[INFO DPO-0309] End of vertical swaps; objective is 4.174841e+07, improvement is 0.35 percent.
[INFO DPO-0303] Running algorithm for reordering.
[INFO DPO-0304] Pass   1 of reordering; objective is 3.984209e+07.
[INFO DPO-0304] Pass   2 of reordering; objective is 3.925800e+07.
[INFO DPO-0304] Pass   3 of reordering; objective is 3.911014e+07.
[INFO DPO-0305] End of reordering; objective is 3.911014e+07, improvement is 6.32 percent.
[INFO DPO-0303] Running algorithm for random improvement.
[INFO DPO-0324] Random improver is using displacement generator.
[INFO DPO-0325] Random improver is using hpwl objective.
[INFO DPO-0326] Random improver cost string is (a).
[INFO DPO-0332] End of pass, Generator displacement called 31260 times.
[INFO DPO-0335] Generator displacement, Cumulative attempts 31260, swaps 7118, moves  1337 since last reset.
[INFO DPO-0333] End of pass, Objective hpwl, Initial cost 3.875146e+07, Scratch cost 3.795479e+07, Incremental cost 3.795479e+07, Mismatch? N
[INFO DPO-0338] End of pass, Total cost is 3.795479e+07.
[INFO DPO-0327] Pass   1 of random improver; improvement in cost is 2.06 percent.
[INFO DPO-0332] End of pass, Generator displacement called 31260 times.
[INFO DPO-0335] Generator displacement, Cumulative attempts 62520, swaps 14061, moves  2730 since last reset.
[INFO DPO-0333] End of pass, Objective hpwl, Initial cost 3.795479e+07, Scratch cost 3.763684e+07, Incremental cost 3.763684e+07, Mismatch? N
[INFO DPO-0338] End of pass, Total cost is 3.763684e+07.
[INFO DPO-0327] Pass   2 of random improver; improvement in cost is 0.84 percent.
[INFO DPO-0328] End of random improver; improvement is 2.876343 percent.
[INFO DPO-0380] Cell flipping.
[INFO DPO-0382] Changed 791 cell orientations for row compatibility.
[INFO DPO-0383] Performed 504 cell flips.
[INFO DPO-0384] End of flipping; objective is 3.737901e+07, improvement is 1.62 percent.
[INFO DPO-0313] Found 0 cells in wrong regions.
[INFO DPO-0315] Found 0 row alignment problems.
[INFO DPO-0314] Found 0 site alignment problems.
[INFO DPO-0311] Found 0 overlaps between adjacent cells.
[INFO DPO-0312] Found 0 edge spacing violations and 0 padding violations.
Detailed Improvement Results
------------------------------------------
Original HPWL            43572.4 u
Final HPWL               37087.7 u
Delta HPWL                 -14.9 %

[INFO DPL-0020] Mirrored 79 instances
[INFO DPL-0021] HPWL before           37087.7 u
[INFO DPL-0022] HPWL after            37074.6 u
[INFO DPL-0023] HPWL delta               -0.0 %
[INFO FLW-0012] Placement violations .
Report metrics stage 3, detailed place...
Warning: There are 10 unconstrained endpoints.

==========================================================================
detailed place report_design_area
--------------------------------------------------------------------------
Design area 22769 u^2 67% utilization.
Elapsed time: 0:02.38[h:]min:sec. CPU time: user 2.31 sys 0.04 (99%). Peak memory: 94692KB.
