OpenROAD v2.0-14511-gedb4e7e37 
Features included (+) or not (-): +Charts +GPU +GUI +Python
This program is licensed under the BSD-3 license. See the LICENSE file for details.
Components of this program may be licensed under more restrictive licenses which must be honored.
clock_tree_synthesis -sink_clustering_enable -balance_levels
[INFO CTS-0050] Root buffer is sg13g2_buf_1.
[INFO CTS-0051] Sink buffer is sg13g2_buf_2.
[INFO CTS-0052] The following clock buffers will be used for CTS:
                    sg13g2_buf_1
                    sg13g2_buf_2
[INFO CTS-0049] Characterization buffer is sg13g2_buf_2.
[INFO CTS-0007] Net "clk" found for clock "core_clock".
[INFO CTS-0010]  Clock net "clk" has 188 sinks.
[INFO CTS-0008] TritonCTS found 1 clock nets.
[INFO CTS-0097] Characterization used 2 buffer(s) types.
[INFO CTS-0200] 0 placement blockages have been identified.
[INFO CTS-0201] 0 placed hard macros will be treated like blockages.
[INFO CTS-0027] Generating H-Tree topology for net clk.
[INFO CTS-0028]  Total number of sinks: 188.
[INFO CTS-0090]  Sinks will be clustered based on buffer max cap.
[INFO CTS-0030]  Number of static layers: 0.
[INFO CTS-0020]  Wire segment unit: 18900  dbu (18 um).
[INFO CTS-0023]  Original sink region: [(12883, 5542), (155596, 221257)].
[INFO CTS-0024]  Normalized sink region: [(0.68164, 0.293228), (8.23259, 11.7067)].
[INFO CTS-0025]     Width:  7.5510.
[INFO CTS-0026]     Height: 11.4135.
 Level 1
    Direction: Vertical
    Sinks per sub-region: 94
    Sub-region size: 7.5510 X 5.7067
[INFO CTS-0034]     Segment length (rounded): 2.
 Level 2
    Direction: Horizontal
    Sinks per sub-region: 47
    Sub-region size: 3.7755 X 5.7067
[INFO CTS-0034]     Segment length (rounded): 2.
 Level 3
    Direction: Vertical
    Sinks per sub-region: 24
    Sub-region size: 3.7755 X 2.8534
[INFO CTS-0034]     Segment length (rounded): 1.
 Level 4
    Direction: Horizontal
    Sinks per sub-region: 12
    Sub-region size: 1.8877 X 2.8534
[INFO CTS-0034]     Segment length (rounded): 1.
[INFO CTS-0032]  Stop criterion found. Max number of sinks is 15.
[INFO CTS-0035]  Number of sinks covered: 188.
[INFO CTS-0018]     Created 17 clock buffers.
[INFO CTS-0012]     Minimum number of buffers in the clock path: 2.
[INFO CTS-0013]     Maximum number of buffers in the clock path: 2.
[INFO CTS-0015]     Created 17 clock nets.
[INFO CTS-0016]     Fanout distribution for the current clock = 8:2, 9:3, 10:1, 11:3, 13:2, 14:2, 15:2, 18:1..
[INFO CTS-0017]     Max level of the clock tree: 4.
[INFO CTS-0098] Clock net "clk"
[INFO CTS-0099]  Sinks 203
[INFO CTS-0100]  Leaf buffers 0
[INFO CTS-0101]  Average sink wire length 272.96 um
[INFO CTS-0102]  Path depth 2 - 2
[INFO CTS-0207]  Leaf load cells 15
[INFO RSZ-0058] Using max wire length 16273um.
Placement Analysis
---------------------------------
total displacement       5245.4 u
average displacement        3.3 u
max displacement          156.4 u
original HPWL           38262.1 u
legalized HPWL          45837.7 u
delta HPWL                   20 %

repair_timing -verbose -repair_tns 100
[INFO RSZ-0033] No hold violations found.
Placement Analysis
---------------------------------
total displacement          0.0 u
average displacement        0.0 u
max displacement            0.0 u
original HPWL           45837.7 u
legalized HPWL          45837.7 u
delta HPWL                    0 %

Report metrics stage 4, cts final...
Warning: There are 10 unconstrained endpoints.

==========================================================================
cts final report_design_area
--------------------------------------------------------------------------
Design area 23244 u^2 68% utilization.
Elapsed time: 0:07.50[h:]min:sec. CPU time: user 7.41 sys 0.05 (99%). Peak memory: 105476KB.
