OpenROAD v2.0-14511-gedb4e7e37 
Features included (+) or not (-): +Charts +GPU +GUI +Python
This program is licensed under the BSD-3 license. See the LICENSE file for details.
Components of this program may be licensed under more restrictive licenses which must be honored.
Deleted 0 routing obstructions
[INFO RCX-0431] Defined process_corner X with ext_model_index 0
[INFO RCX-0029] Defined extraction corner X
[INFO RCX-0008] extracting parasitics of ttsimon ...
[INFO RCX-0435] Reading extraction model file /OpenROAD-flow-scripts/flow//platforms/ihp-sg13g2/rcx_patterns.rules ...
[INFO RCX-0436] RC segment generation ttsimon (max_merge_res 50.0) ...
[INFO RCX-0040] Final 7570 rc segments
[INFO RCX-0439] Coupling Cap extraction ttsimon ...
[INFO RCX-0440] Coupling threshhold is 0.1000 fF, coupling capacitance less than 0.1000 fF will be grounded.
[INFO RCX-0043] 12921 wires to be extracted
[INFO RCX-0442] 49% completion -- 6441 wires have been extracted
[INFO RCX-0442] 100% completion -- 12921 wires have been extracted
[INFO RCX-0045] Extract 1787 nets, 9179 rsegs, 9179 caps, 14113 ccs
[INFO RCX-0015] Finished extracting ttsimon.
[INFO RCX-0016] Writing SPEF ...
[INFO RCX-0443] 1787 nets finished
[INFO RCX-0017] Finished writing SPEF ...
[INFO PSM-0040] All shapes on net VDD are connected.
########## IR report #################
Net              : VDD
Corner           : default
Supply voltage   : 1.20e+00 V
Worstcase voltage: 1.20e+00 V
Average voltage  : 1.20e+00 V
Average IR drop  : 4.26e-06 V
Worstcase IR drop: 1.16e-05 V
Percentage drop  : 0.00 %
######################################
[INFO PSM-0040] All shapes on net VSS are connected.
########## IR report #################
Net              : VSS
Corner           : default
Supply voltage   : 0.00e+00 V
Worstcase voltage: 1.58e-05 V
Average voltage  : 4.88e-06 V
Average IR drop  : 4.88e-06 V
Worstcase IR drop: 1.58e-05 V
Percentage drop  : 0.00 %
######################################
Cell usage report:
  Fill cells: 454
  Antenna cells: 6
  Others: 775
  Buffer/inverters: 56
  Clock buffer/inverters: 32
  Timing Repair Buffer/inverters: 97
  Sequential cells: 188
  Multi-Input combinational cells: 1222
  Total: 2830
Report metrics stage 6, finish...
Warning: There are 10 unconstrained endpoints.

==========================================================================
finish report_design_area
--------------------------------------------------------------------------
Design area 32826 u^2 97% utilization.
[WARNING GUI-0076] QStandardPaths: wrong permissions on runtime directory /tmp/xdg-run, 0755 instead of 0700
Elapsed time: 0:03.99[h:]min:sec. CPU time: user 3.90 sys 0.14 (101%). Peak memory: 252648KB.
